<?xml version="1.0" encoding="UTF-8"?>
<!-- Generated by org.testng.reporters.JUnitReportReporter -->
<testsuite skipped="0" hostname="SONUVARGHESE" name="com.actitime.testscripts.CreateCustomerTest" tests="2" failures="0" timestamp="2020-04-29T17:36:15 IST" time="65.517" errors="0">
  <testcase name="createCustomerWithName" time="30.702" classname="com.actitime.testscripts.CreateCustomerTest"/>
  <system-out/>
  <testcase name="createCustomerWithNameAndDescription" time="34.815" classname="com.actitime.testscripts.CreateCustomerTest"/>
  <system-out/>
</testsuite> <!-- com.actitime.testscripts.CreateCustomerTest -->
